  model_viewer.cpp
C:\Users\abc12\Documents\CG\project\model_viewer\src\utils2.h(62,22): warning C4244: '=': 將 'double' 轉換為 'float'，由於類型不同，可能導致資料遺失
C:\Users\abc12\Documents\CG\project\model_viewer\src\utils2.h(65,38): warning C4244: '=': 將 'double' 轉換為 'float'，由於類型不同，可能導致資料遺失
C:\Users\abc12\Documents\CG\project\model_viewer\src\utils2.h(79,36): warning C4267: '正在初始化': 將 'size_t' 轉換為 'int'，資料可能遺失
C:\Users\abc12\Documents\CG\project\model_viewer\src\utils2.h(91,37): warning C4267: '正在初始化': 將 'size_t' 轉換為 'int'，資料可能遺失
C:\Users\abc12\Documents\CG\project\model_viewer\src\utils2.h(186,47): warning C4267: '正在初始化': 將 'size_t' 轉換為 'int'，資料可能遺失
C:\Users\abc12\Documents\CG\project\model_viewer\src\utils2.h(336,47): warning C4267: '正在初始化': 將 'size_t' 轉換為 'int'，資料可能遺失
C:\Users\abc12\Documents\CG\project\model_viewer\src\utils2.h(272,22): warning C4996: 'sscanf': This function or variable may be unsafe. Consider using sscanf_s instead. To disable deprecation, use _CRT_SECURE_NO_WARNINGS. See online help for details.
C:\Users\abc12\Documents\CG\project\model_viewer\src\utils2.h(283,27): warning C4996: 'sscanf': This function or variable may be unsafe. Consider using sscanf_s instead. To disable deprecation, use _CRT_SECURE_NO_WARNINGS. See online help for details.
C:\Users\abc12\Documents\CG\project\model_viewer\src\utils2.h(297,27): warning C4996: 'sscanf': This function or variable may be unsafe. Consider using sscanf_s instead. To disable deprecation, use _CRT_SECURE_NO_WARNINGS. See online help for details.
C:\Users\abc12\Documents\CG\project\model_viewer\src\utils2.h(311,27): warning C4996: 'sscanf': This function or variable may be unsafe. Consider using sscanf_s instead. To disable deprecation, use _CRT_SECURE_NO_WARNINGS. See online help for details.
C:\Users\abc12\Documents\CG\project\model_viewer\src\model_viewer.cpp(81,30): warning C4996: 'getenv': This function or variable may be unsafe. Consider using _dupenv_s instead. To disable deprecation, use _CRT_SECURE_NO_WARNINGS. See online help for details.
C:\Users\abc12\Documents\CG\project\model_viewer\src\model_viewer.cpp(176,48): warning C4267: '=': 將 'size_t' 轉換為 'int'，資料可能遺失
C:\Users\abc12\Documents\CG\project\model_viewer\src\model_viewer.cpp(177,46): warning C4267: '=': 將 'size_t' 轉換為 'int'，資料可能遺失
C:\Users\abc12\Documents\CG\project\model_viewer\src\model_viewer.cpp(193,65): warning C4244: '=': 將 'double' 轉換為 'GLfloat'，由於類型不同，可能導致資料遺失
C:\Users\abc12\Documents\CG\project\model_viewer\src\model_viewer.cpp(195,69): warning C4244: '=': 將 'double' 轉換為 'GLfloat'，由於類型不同，可能導致資料遺失
C:\Users\abc12\Documents\CG\project\model_viewer\src\model_viewer.cpp(201,67): warning C4244: '=': 將 'int' 轉換為 'GLfloat'，由於類型不同，可能導致資料遺失
C:\Users\abc12\Documents\CG\project\model_viewer\src\model_viewer.cpp(202,67): warning C4244: '=': 將 'int' 轉換為 'GLfloat'，由於類型不同，可能導致資料遺失
C:\Users\abc12\Documents\CG\project\model_viewer\src\model_viewer.cpp(227,18): warning C4101: 'EBO': 未參考的區域變數
C:\Users\abc12\Documents\CG\project\model_viewer\src\model_viewer.cpp(277,58): warning C4244: '=': 將 'double' 轉換為 'float'，由於類型不同，可能導致資料遺失
C:\Users\abc12\Documents\CG\project\model_viewer\src\model_viewer.cpp(422,44): warning C4244: '引數': 將 'double' 轉換為 'int'，由於類型不同，可能導致資料遺失
C:\Users\abc12\Documents\CG\project\model_viewer\src\model_viewer.cpp(422,41): warning C4244: '引數': 將 'double' 轉換為 'int'，由於類型不同，可能導致資料遺失
C:\Users\abc12\Documents\CG\project\model_viewer\src\model_viewer.cpp(425,45): warning C4244: '引數': 將 'double' 轉換為 'int'，由於類型不同，可能導致資料遺失
C:\Users\abc12\Documents\CG\project\model_viewer\src\model_viewer.cpp(425,42): warning C4244: '引數': 將 'double' 轉換為 'int'，由於類型不同，可能導致資料遺失
C:\Users\abc12\Documents\CG\project\model_viewer\src\model_viewer.cpp(434,27): warning C4244: '引數': 將 'double' 轉換為 'int'，由於類型不同，可能導致資料遺失
C:\Users\abc12\Documents\CG\project\model_viewer\src\model_viewer.cpp(434,24): warning C4244: '引數': 將 'double' 轉換為 'int'，由於類型不同，可能導致資料遺失
C:\Users\abc12\Documents\CG\project\model_viewer\src\model_viewer.cpp(451,15): warning C4244: '引數': 將 'time_t' 轉換為 'unsigned int'，由於類型不同，可能導致資料遺失
C:\Users\abc12\Documents\CG\project\model_viewer\src\model_viewer.cpp(493,39): warning C4244: '=': 將 'double' 轉換為 'float'，由於類型不同，可能導致資料遺失
  model_viewer.vcxproj -> C:\Users\abc12\Documents\CG\project\model_viewer\build\Debug\model_viewer.exe
